2019-12-10 11:28:20.538  INFO 14784 --- [lettuce-nioEventLoop-4-7] io.lettuce.core.protocol.CommandHandler  : null Unexpected exception during request: java.io.IOException: 远程主机强迫关闭了一个现有的连接。

java.io.IOException: 远程主机强迫关闭了一个现有的连接。
	at sun.nio.ch.SocketDispatcher.read0(Native Method) ~[na:1.8.0_161]
	at sun.nio.ch.SocketDispatcher.read(SocketDispatcher.java:43) ~[na:1.8.0_161]
	at sun.nio.ch.IOUtil.readIntoNativeBuffer(IOUtil.java:223) ~[na:1.8.0_161]
	at sun.nio.ch.IOUtil.read(IOUtil.java:192) ~[na:1.8.0_161]
	at sun.nio.ch.SocketChannelImpl.read(SocketChannelImpl.java:380) ~[na:1.8.0_161]
	at io.netty.buffer.PooledByteBuf.setBytes(PooledByteBuf.java:247) ~[netty-buffer-4.1.43.Final.jar:4.1.43.Final]
	at io.netty.buffer.AbstractByteBuf.writeBytes(AbstractByteBuf.java:1147) ~[netty-buffer-4.1.43.Final.jar:4.1.43.Final]
	at io.netty.channel.socket.nio.NioSocketChannel.doReadBytes(NioSocketChannel.java:350) ~[netty-transport-4.1.43.Final.jar:4.1.43.Final]
	at io.netty.channel.nio.AbstractNioByteChannel$NioByteUnsafe.read(AbstractNioByteChannel.java:148) ~[netty-transport-4.1.43.Final.jar:4.1.43.Final]
	at io.netty.channel.nio.NioEventLoop.processSelectedKey(NioEventLoop.java:700) [netty-transport-4.1.43.Final.jar:4.1.43.Final]
	at io.netty.channel.nio.NioEventLoop.processSelectedKeysOptimized(NioEventLoop.java:635) [netty-transport-4.1.43.Final.jar:4.1.43.Final]
	at io.netty.channel.nio.NioEventLoop.processSelectedKeys(NioEventLoop.java:552) [netty-transport-4.1.43.Final.jar:4.1.43.Final]
	at io.netty.channel.nio.NioEventLoop.run(NioEventLoop.java:514) [netty-transport-4.1.43.Final.jar:4.1.43.Final]
	at io.netty.util.concurrent.SingleThreadEventExecutor$6.run(SingleThreadEventExecutor.java:1050) [netty-common-4.1.43.Final.jar:4.1.43.Final]
	at io.netty.util.internal.ThreadExecutorMap$2.run(ThreadExecutorMap.java:74) [netty-common-4.1.43.Final.jar:4.1.43.Final]
	at io.netty.util.concurrent.FastThreadLocalRunnable.run(FastThreadLocalRunnable.java:30) [netty-common-4.1.43.Final.jar:4.1.43.Final]
	at java.lang.Thread.run(Thread.java:748) [na:1.8.0_161]

2019-12-10 11:28:20.631  INFO 14784 --- [lettuce-eventExecutorLoop-1-5] i.l.core.protocol.ConnectionWatchdog     : Reconnecting, last destination was /127.0.0.1:6379
2019-12-10 11:28:22.643  WARN 14784 --- [lettuce-nioEventLoop-4-8] i.l.core.protocol.ConnectionWatchdog     : Cannot reconnect to [127.0.0.1:6379]: Connection refused: no further information: /127.0.0.1:6379
2019-12-10 11:28:26.930  INFO 14784 --- [lettuce-eventExecutorLoop-1-8] i.l.core.protocol.ConnectionWatchdog     : Reconnecting, last destination was 127.0.0.1:6379
2019-12-10 11:28:28.934  WARN 14784 --- [lettuce-nioEventLoop-4-3] i.l.core.protocol.ConnectionWatchdog     : Cannot reconnect to [127.0.0.1:6379]: Connection refused: no further information: /127.0.0.1:6379
2019-12-10 11:28:33.230  INFO 14784 --- [lettuce-eventExecutorLoop-1-3] i.l.core.protocol.ConnectionWatchdog     : Reconnecting, last destination was 127.0.0.1:6379
2019-12-10 11:28:35.236  WARN 14784 --- [lettuce-nioEventLoop-4-6] i.l.core.protocol.ConnectionWatchdog     : Cannot reconnect to [127.0.0.1:6379]: Connection refused: no further information: /127.0.0.1:6379
2019-12-10 11:28:40.330  INFO 14784 --- [lettuce-eventExecutorLoop-1-6] i.l.core.protocol.ConnectionWatchdog     : Reconnecting, last destination was 127.0.0.1:6379
2019-12-10 11:28:42.342  WARN 14784 --- [lettuce-nioEventLoop-4-1] i.l.core.protocol.ConnectionWatchdog     : Cannot reconnect to [127.0.0.1:6379]: Connection refused: no further information: /127.0.0.1:6379
2019-12-10 11:28:47.529  INFO 14784 --- [lettuce-eventExecutorLoop-1-8] i.l.core.protocol.ConnectionWatchdog     : Reconnecting, last destination was 127.0.0.1:6379
2019-12-10 11:28:49.534  WARN 14784 --- [lettuce-nioEventLoop-4-3] i.l.core.protocol.ConnectionWatchdog     : Cannot reconnect to [127.0.0.1:6379]: Connection refused: no further information: /127.0.0.1:6379
2019-12-10 11:28:53.730  INFO 14784 --- [lettuce-eventExecutorLoop-1-1] i.l.core.protocol.ConnectionWatchdog     : Reconnecting, last destination was 127.0.0.1:6379
2019-12-10 11:28:55.735  WARN 14784 --- [lettuce-nioEventLoop-4-4] i.l.core.protocol.ConnectionWatchdog     : Cannot reconnect to [127.0.0.1:6379]: Connection refused: no further information: /127.0.0.1:6379
2019-12-10 11:29:03.931  INFO 14784 --- [lettuce-eventExecutorLoop-1-2] i.l.core.protocol.ConnectionWatchdog     : Reconnecting, last destination was 127.0.0.1:6379
2019-12-10 11:29:05.938  WARN 14784 --- [lettuce-nioEventLoop-4-5] i.l.core.protocol.ConnectionWatchdog     : Cannot reconnect to [127.0.0.1:6379]: Connection refused: no further information: /127.0.0.1:6379
2019-12-10 11:29:22.330  INFO 14784 --- [lettuce-eventExecutorLoop-1-3] i.l.core.protocol.ConnectionWatchdog     : Reconnecting, last destination was 127.0.0.1:6379
2019-12-10 11:29:24.335  WARN 14784 --- [lettuce-nioEventLoop-4-6] i.l.core.protocol.ConnectionWatchdog     : Cannot reconnect to [127.0.0.1:6379]: Connection refused: no further information: /127.0.0.1:6379
2019-12-10 11:29:54.430  INFO 14784 --- [lettuce-eventExecutorLoop-1-4] i.l.core.protocol.ConnectionWatchdog     : Reconnecting, last destination was 127.0.0.1:6379
2019-12-10 11:29:56.435  WARN 14784 --- [lettuce-nioEventLoop-4-7] i.l.core.protocol.ConnectionWatchdog     : Cannot reconnect to [127.0.0.1:6379]: Connection refused: no further information: /127.0.0.1:6379
2019-12-10 11:30:26.531  INFO 14784 --- [lettuce-eventExecutorLoop-1-5] i.l.core.protocol.ConnectionWatchdog     : Reconnecting, last destination was 127.0.0.1:6379
2019-12-10 11:30:28.535  WARN 14784 --- [lettuce-nioEventLoop-4-8] i.l.core.protocol.ConnectionWatchdog     : Cannot reconnect to [127.0.0.1:6379]: Connection refused: no further information: /127.0.0.1:6379
2019-12-10 17:12:11.334  INFO 54064 --- [restartedMain] l.m.community.CommunityApplication       : Starting CommunityApplication on 杨胜 with PID 54064 (D:\ServerSpace\community\target\classes started by Lenovo in D:\ServerSpace\community)
2019-12-10 17:12:11.339  INFO 54064 --- [restartedMain] l.m.community.CommunityApplication       : No active profile set, falling back to default profiles: default
2019-12-10 17:12:11.437  INFO 54064 --- [restartedMain] .e.DevToolsPropertyDefaultsPostProcessor : Devtools property defaults active! Set 'spring.devtools.add-properties' to 'false' to disable
2019-12-10 17:12:11.437  INFO 54064 --- [restartedMain] .e.DevToolsPropertyDefaultsPostProcessor : For additional web related logging consider setting the 'logging.level.web' property to 'DEBUG'
2019-12-10 17:12:12.653  INFO 54064 --- [restartedMain] .s.d.r.c.RepositoryConfigurationDelegate : Multiple Spring Data modules found, entering strict repository configuration mode!
2019-12-10 17:12:12.656  INFO 54064 --- [restartedMain] .s.d.r.c.RepositoryConfigurationDelegate : Bootstrapping Spring Data repositories in DEFAULT mode.
2019-12-10 17:12:12.692  INFO 54064 --- [restartedMain] .s.d.r.c.RepositoryConfigurationDelegate : Finished Spring Data repository scanning in 10ms. Found 0 repository interfaces.
2019-12-10 17:12:12.980  INFO 54064 --- [restartedMain] trationDelegate$BeanPostProcessorChecker : Bean 'org.springframework.transaction.annotation.ProxyTransactionManagementConfiguration' of type [org.springframework.transaction.annotation.ProxyTransactionManagementConfiguration] is not eligible for getting processed by all BeanPostProcessors (for example: not eligible for auto-proxying)
2019-12-10 17:12:13.305  INFO 54064 --- [restartedMain] o.s.b.w.embedded.tomcat.TomcatWebServer  : Tomcat initialized with port(s): 80 (http)
2019-12-10 17:12:13.315  INFO 54064 --- [restartedMain] o.apache.catalina.core.StandardService   : Starting service [Tomcat]
2019-12-10 17:12:13.315  INFO 54064 --- [restartedMain] org.apache.catalina.core.StandardEngine  : Starting Servlet engine: [Apache Tomcat/9.0.27]
2019-12-10 17:12:13.318  INFO 54064 --- [restartedMain] o.a.catalina.core.AprLifecycleListener   : An older version [1.2.16] of the APR based Apache Tomcat Native library is installed, while Tomcat recommends a minimum version of [1.2.23]
2019-12-10 17:12:13.318  INFO 54064 --- [restartedMain] o.a.catalina.core.AprLifecycleListener   : Loaded APR based Apache Tomcat Native library [1.2.16] using APR version [1.6.3].
2019-12-10 17:12:13.318  INFO 54064 --- [restartedMain] o.a.catalina.core.AprLifecycleListener   : APR capabilities: IPv6 [true], sendfile [true], accept filters [false], random [true].
2019-12-10 17:12:13.318  INFO 54064 --- [restartedMain] o.a.catalina.core.AprLifecycleListener   : APR/OpenSSL configuration: useAprConnector [false], useOpenSSL [true]
2019-12-10 17:12:14.407  INFO 54064 --- [restartedMain] o.a.catalina.core.AprLifecycleListener   : OpenSSL successfully initialized [OpenSSL 1.0.2m  2 Nov 2017]
2019-12-10 17:12:14.517  INFO 54064 --- [restartedMain] o.a.c.c.C.[Tomcat].[localhost].[/]       : Initializing Spring embedded WebApplicationContext
2019-12-10 17:12:14.517  INFO 54064 --- [restartedMain] o.s.web.context.ContextLoader            : Root WebApplicationContext: initialization completed in 3080 ms
2019-12-10 17:12:15.714  INFO 54064 --- [restartedMain] o.s.s.concurrent.ThreadPoolTaskExecutor  : Initializing ExecutorService 'applicationTaskExecutor'
2019-12-10 17:12:15.741  INFO 54064 --- [restartedMain] o.s.b.d.a.OptionalLiveReloadServer       : LiveReload server is running on port 35729
2019-12-10 17:12:15.769  INFO 54064 --- [restartedMain] o.s.b.a.w.s.WelcomePageHandlerMapping    : Adding welcome page template: index
2019-12-10 17:12:16.021  INFO 54064 --- [restartedMain] d.s.w.p.DocumentationPluginsBootstrapper : Context refreshed
2019-12-10 17:12:16.040  INFO 54064 --- [restartedMain] d.s.w.p.DocumentationPluginsBootstrapper : Found 1 custom documentation plugin(s)
2019-12-10 17:12:16.050  INFO 54064 --- [restartedMain] s.d.s.w.s.ApiListingReferenceScanner     : Scanning for api listing references
2019-12-10 17:12:16.287  INFO 54064 --- [restartedMain] o.s.b.w.embedded.tomcat.TomcatWebServer  : Tomcat started on port(s): 80 (http) with context path ''
2019-12-10 17:12:16.290  INFO 54064 --- [restartedMain] l.m.community.CommunityApplication       : Started CommunityApplication in 5.694 seconds (JVM running for 7.198)
2019-12-10 17:12:46.163  INFO 54064 --- [http-nio-80-exec-3] o.a.c.c.C.[Tomcat].[localhost].[/]       : Initializing Spring DispatcherServlet 'dispatcherServlet'
2019-12-10 17:12:46.163  INFO 54064 --- [http-nio-80-exec-3] o.s.web.servlet.DispatcherServlet        : Initializing Servlet 'dispatcherServlet'
2019-12-10 17:12:46.171  INFO 54064 --- [http-nio-80-exec-3] o.s.web.servlet.DispatcherServlet        : Completed initialization in 8 ms
2019-12-10 17:12:46.244  INFO 54064 --- [http-nio-80-exec-3] com.zaxxer.hikari.HikariDataSource       : HikariPool-1 - Starting...
2019-12-10 17:12:46.395  INFO 54064 --- [http-nio-80-exec-3] com.zaxxer.hikari.HikariDataSource       : HikariPool-1 - Start completed.
2019-12-10 17:19:30.200  INFO 55396 --- [restartedMain] l.m.community.CommunityApplication       : Starting CommunityApplication on 杨胜 with PID 55396 (D:\ServerSpace\community\target\classes started by Lenovo in D:\ServerSpace\community)
2019-12-10 17:19:30.205  INFO 55396 --- [restartedMain] l.m.community.CommunityApplication       : No active profile set, falling back to default profiles: default
2019-12-10 17:19:30.309  INFO 55396 --- [restartedMain] .e.DevToolsPropertyDefaultsPostProcessor : Devtools property defaults active! Set 'spring.devtools.add-properties' to 'false' to disable
2019-12-10 17:19:30.310  INFO 55396 --- [restartedMain] .e.DevToolsPropertyDefaultsPostProcessor : For additional web related logging consider setting the 'logging.level.web' property to 'DEBUG'
2019-12-10 17:19:31.266  INFO 55396 --- [restartedMain] .s.d.r.c.RepositoryConfigurationDelegate : Multiple Spring Data modules found, entering strict repository configuration mode!
2019-12-10 17:19:31.269  INFO 55396 --- [restartedMain] .s.d.r.c.RepositoryConfigurationDelegate : Bootstrapping Spring Data repositories in DEFAULT mode.
2019-12-10 17:19:31.294  INFO 55396 --- [restartedMain] .s.d.r.c.RepositoryConfigurationDelegate : Finished Spring Data repository scanning in 11ms. Found 0 repository interfaces.
2019-12-10 17:19:31.593  INFO 55396 --- [restartedMain] trationDelegate$BeanPostProcessorChecker : Bean 'org.springframework.transaction.annotation.ProxyTransactionManagementConfiguration' of type [org.springframework.transaction.annotation.ProxyTransactionManagementConfiguration] is not eligible for getting processed by all BeanPostProcessors (for example: not eligible for auto-proxying)
2019-12-10 17:19:31.893  INFO 55396 --- [restartedMain] o.s.b.w.embedded.tomcat.TomcatWebServer  : Tomcat initialized with port(s): 80 (http)
2019-12-10 17:19:31.903  INFO 55396 --- [restartedMain] o.apache.catalina.core.StandardService   : Starting service [Tomcat]
2019-12-10 17:19:31.903  INFO 55396 --- [restartedMain] org.apache.catalina.core.StandardEngine  : Starting Servlet engine: [Apache Tomcat/9.0.27]
2019-12-10 17:19:31.906  INFO 55396 --- [restartedMain] o.a.catalina.core.AprLifecycleListener   : An older version [1.2.16] of the APR based Apache Tomcat Native library is installed, while Tomcat recommends a minimum version of [1.2.23]
2019-12-10 17:19:31.906  INFO 55396 --- [restartedMain] o.a.catalina.core.AprLifecycleListener   : Loaded APR based Apache Tomcat Native library [1.2.16] using APR version [1.6.3].
2019-12-10 17:19:31.906  INFO 55396 --- [restartedMain] o.a.catalina.core.AprLifecycleListener   : APR capabilities: IPv6 [true], sendfile [true], accept filters [false], random [true].
2019-12-10 17:19:31.907  INFO 55396 --- [restartedMain] o.a.catalina.core.AprLifecycleListener   : APR/OpenSSL configuration: useAprConnector [false], useOpenSSL [true]
2019-12-10 17:19:33.000  INFO 55396 --- [restartedMain] o.a.catalina.core.AprLifecycleListener   : OpenSSL successfully initialized [OpenSSL 1.0.2m  2 Nov 2017]
2019-12-10 17:19:33.094  INFO 55396 --- [restartedMain] o.a.c.c.C.[Tomcat].[localhost].[/]       : Initializing Spring embedded WebApplicationContext
2019-12-10 17:19:33.094  INFO 55396 --- [restartedMain] o.s.web.context.ContextLoader            : Root WebApplicationContext: initialization completed in 2784 ms
2019-12-10 17:19:34.343  INFO 55396 --- [restartedMain] o.s.s.concurrent.ThreadPoolTaskExecutor  : Initializing ExecutorService 'applicationTaskExecutor'
2019-12-10 17:19:34.372  INFO 55396 --- [restartedMain] o.s.b.d.a.OptionalLiveReloadServer       : LiveReload server is running on port 35729
2019-12-10 17:19:34.400  INFO 55396 --- [restartedMain] o.s.b.a.w.s.WelcomePageHandlerMapping    : Adding welcome page template: index
2019-12-10 17:19:34.620  INFO 55396 --- [restartedMain] d.s.w.p.DocumentationPluginsBootstrapper : Context refreshed
2019-12-10 17:19:34.636  INFO 55396 --- [restartedMain] d.s.w.p.DocumentationPluginsBootstrapper : Found 1 custom documentation plugin(s)
2019-12-10 17:19:34.644  INFO 55396 --- [restartedMain] s.d.s.w.s.ApiListingReferenceScanner     : Scanning for api listing references
2019-12-10 17:19:34.769  WARN 55396 --- [restartedMain] d.s.r.o.OperationImplicitParameterReader : Coercing to be of type string. This may not even be a scalar type in actuality
2019-12-10 17:19:34.889  INFO 55396 --- [restartedMain] o.s.b.w.embedded.tomcat.TomcatWebServer  : Tomcat started on port(s): 80 (http) with context path ''
2019-12-10 17:19:34.894  INFO 55396 --- [restartedMain] l.m.community.CommunityApplication       : Started CommunityApplication in 5.53 seconds (JVM running for 7.135)
2019-12-10 17:19:34.951  INFO 55396 --- [http-nio-80-exec-1] o.a.c.c.C.[Tomcat].[localhost].[/]       : Initializing Spring DispatcherServlet 'dispatcherServlet'
2019-12-10 17:19:34.951  INFO 55396 --- [http-nio-80-exec-1] o.s.web.servlet.DispatcherServlet        : Initializing Servlet 'dispatcherServlet'
2019-12-10 17:19:34.959  INFO 55396 --- [http-nio-80-exec-1] o.s.web.servlet.DispatcherServlet        : Completed initialization in 8 ms
2019-12-10 17:19:35.066  INFO 55396 --- [http-nio-80-exec-1] com.zaxxer.hikari.HikariDataSource       : HikariPool-1 - Starting...
2019-12-10 17:19:35.230  INFO 55396 --- [http-nio-80-exec-1] com.zaxxer.hikari.HikariDataSource       : HikariPool-1 - Start completed.
2019-12-10 17:30:20.018  INFO 59960 --- [restartedMain] l.m.community.CommunityApplication       : Starting CommunityApplication on 杨胜 with PID 59960 (D:\ServerSpace\community\target\classes started by Lenovo in D:\ServerSpace\community)
2019-12-10 17:30:20.023  INFO 59960 --- [restartedMain] l.m.community.CommunityApplication       : No active profile set, falling back to default profiles: default
2019-12-10 17:30:20.160  INFO 59960 --- [restartedMain] .e.DevToolsPropertyDefaultsPostProcessor : Devtools property defaults active! Set 'spring.devtools.add-properties' to 'false' to disable
2019-12-10 17:30:20.160  INFO 59960 --- [restartedMain] .e.DevToolsPropertyDefaultsPostProcessor : For additional web related logging consider setting the 'logging.level.web' property to 'DEBUG'
2019-12-10 17:30:21.133  INFO 59960 --- [restartedMain] .s.d.r.c.RepositoryConfigurationDelegate : Multiple Spring Data modules found, entering strict repository configuration mode!
2019-12-10 17:30:21.136  INFO 59960 --- [restartedMain] .s.d.r.c.RepositoryConfigurationDelegate : Bootstrapping Spring Data repositories in DEFAULT mode.
2019-12-10 17:30:21.161  INFO 59960 --- [restartedMain] .s.d.r.c.RepositoryConfigurationDelegate : Finished Spring Data repository scanning in 11ms. Found 0 repository interfaces.
2019-12-10 17:30:21.456  INFO 59960 --- [restartedMain] trationDelegate$BeanPostProcessorChecker : Bean 'org.springframework.transaction.annotation.ProxyTransactionManagementConfiguration' of type [org.springframework.transaction.annotation.ProxyTransactionManagementConfiguration] is not eligible for getting processed by all BeanPostProcessors (for example: not eligible for auto-proxying)
2019-12-10 17:30:21.770  INFO 59960 --- [restartedMain] o.s.b.w.embedded.tomcat.TomcatWebServer  : Tomcat initialized with port(s): 80 (http)
2019-12-10 17:30:21.778  INFO 59960 --- [restartedMain] o.apache.catalina.core.StandardService   : Starting service [Tomcat]
2019-12-10 17:30:21.779  INFO 59960 --- [restartedMain] org.apache.catalina.core.StandardEngine  : Starting Servlet engine: [Apache Tomcat/9.0.27]
2019-12-10 17:30:21.780  INFO 59960 --- [restartedMain] o.a.catalina.core.AprLifecycleListener   : An older version [1.2.16] of the APR based Apache Tomcat Native library is installed, while Tomcat recommends a minimum version of [1.2.23]
2019-12-10 17:30:21.781  INFO 59960 --- [restartedMain] o.a.catalina.core.AprLifecycleListener   : Loaded APR based Apache Tomcat Native library [1.2.16] using APR version [1.6.3].
2019-12-10 17:30:21.781  INFO 59960 --- [restartedMain] o.a.catalina.core.AprLifecycleListener   : APR capabilities: IPv6 [true], sendfile [true], accept filters [false], random [true].
2019-12-10 17:30:21.781  INFO 59960 --- [restartedMain] o.a.catalina.core.AprLifecycleListener   : APR/OpenSSL configuration: useAprConnector [false], useOpenSSL [true]
2019-12-10 17:30:22.864  INFO 59960 --- [restartedMain] o.a.catalina.core.AprLifecycleListener   : OpenSSL successfully initialized [OpenSSL 1.0.2m  2 Nov 2017]
2019-12-10 17:30:22.954  INFO 59960 --- [restartedMain] o.a.c.c.C.[Tomcat].[localhost].[/]       : Initializing Spring embedded WebApplicationContext
2019-12-10 17:30:22.955  INFO 59960 --- [restartedMain] o.s.web.context.ContextLoader            : Root WebApplicationContext: initialization completed in 2794 ms
2019-12-10 17:30:24.064  INFO 59960 --- [restartedMain] o.s.s.concurrent.ThreadPoolTaskExecutor  : Initializing ExecutorService 'applicationTaskExecutor'
2019-12-10 17:30:24.091  INFO 59960 --- [restartedMain] o.s.b.d.a.OptionalLiveReloadServer       : LiveReload server is running on port 35729
2019-12-10 17:30:24.119  INFO 59960 --- [restartedMain] o.s.b.a.w.s.WelcomePageHandlerMapping    : Adding welcome page template: index
2019-12-10 17:30:24.370  INFO 59960 --- [restartedMain] d.s.w.p.DocumentationPluginsBootstrapper : Context refreshed
2019-12-10 17:30:24.385  INFO 59960 --- [restartedMain] d.s.w.p.DocumentationPluginsBootstrapper : Found 1 custom documentation plugin(s)
2019-12-10 17:30:24.395  INFO 59960 --- [restartedMain] s.d.s.w.s.ApiListingReferenceScanner     : Scanning for api listing references
2019-12-10 17:30:24.483  WARN 59960 --- [restartedMain] d.s.r.o.OperationImplicitParameterReader : Coercing to be of type string. This may not even be a scalar type in actuality
2019-12-10 17:30:24.573  INFO 59960 --- [restartedMain] o.s.b.w.embedded.tomcat.TomcatWebServer  : Tomcat started on port(s): 80 (http) with context path ''
2019-12-10 17:30:24.576  INFO 59960 --- [restartedMain] l.m.community.CommunityApplication       : Started CommunityApplication in 5.236 seconds (JVM running for 6.696)
2019-12-10 17:30:38.351  INFO 59960 --- [http-nio-80-exec-1] o.a.c.c.C.[Tomcat].[localhost].[/]       : Initializing Spring DispatcherServlet 'dispatcherServlet'
2019-12-10 17:30:38.351  INFO 59960 --- [http-nio-80-exec-1] o.s.web.servlet.DispatcherServlet        : Initializing Servlet 'dispatcherServlet'
2019-12-10 17:30:38.358  INFO 59960 --- [http-nio-80-exec-1] o.s.web.servlet.DispatcherServlet        : Completed initialization in 7 ms
2019-12-10 17:30:38.425  INFO 59960 --- [http-nio-80-exec-1] com.zaxxer.hikari.HikariDataSource       : HikariPool-1 - Starting...
2019-12-10 17:30:38.549  INFO 59960 --- [http-nio-80-exec-1] com.zaxxer.hikari.HikariDataSource       : HikariPool-1 - Start completed.
2019-12-10 17:31:31.403  INFO 62252 --- [restartedMain] l.m.community.CommunityApplication       : Starting CommunityApplication on 杨胜 with PID 62252 (D:\ServerSpace\community\target\classes started by Lenovo in D:\ServerSpace\community)
2019-12-10 17:31:31.412  INFO 62252 --- [restartedMain] l.m.community.CommunityApplication       : No active profile set, falling back to default profiles: default
2019-12-10 17:31:31.541  INFO 62252 --- [restartedMain] .e.DevToolsPropertyDefaultsPostProcessor : Devtools property defaults active! Set 'spring.devtools.add-properties' to 'false' to disable
2019-12-10 17:31:31.541  INFO 62252 --- [restartedMain] .e.DevToolsPropertyDefaultsPostProcessor : For additional web related logging consider setting the 'logging.level.web' property to 'DEBUG'
2019-12-10 17:31:32.826  INFO 62252 --- [restartedMain] .s.d.r.c.RepositoryConfigurationDelegate : Multiple Spring Data modules found, entering strict repository configuration mode!
2019-12-10 17:31:32.829  INFO 62252 --- [restartedMain] .s.d.r.c.RepositoryConfigurationDelegate : Bootstrapping Spring Data repositories in DEFAULT mode.
2019-12-10 17:31:32.866  INFO 62252 --- [restartedMain] .s.d.r.c.RepositoryConfigurationDelegate : Finished Spring Data repository scanning in 12ms. Found 0 repository interfaces.
2019-12-10 17:31:33.195  INFO 62252 --- [restartedMain] trationDelegate$BeanPostProcessorChecker : Bean 'org.springframework.transaction.annotation.ProxyTransactionManagementConfiguration' of type [org.springframework.transaction.annotation.ProxyTransactionManagementConfiguration] is not eligible for getting processed by all BeanPostProcessors (for example: not eligible for auto-proxying)
2019-12-10 17:31:33.533  INFO 62252 --- [restartedMain] o.s.b.w.embedded.tomcat.TomcatWebServer  : Tomcat initialized with port(s): 80 (http)
2019-12-10 17:31:33.544  INFO 62252 --- [restartedMain] o.apache.catalina.core.StandardService   : Starting service [Tomcat]
2019-12-10 17:31:33.545  INFO 62252 --- [restartedMain] org.apache.catalina.core.StandardEngine  : Starting Servlet engine: [Apache Tomcat/9.0.27]
2019-12-10 17:31:33.547  INFO 62252 --- [restartedMain] o.a.catalina.core.AprLifecycleListener   : An older version [1.2.16] of the APR based Apache Tomcat Native library is installed, while Tomcat recommends a minimum version of [1.2.23]
2019-12-10 17:31:33.547  INFO 62252 --- [restartedMain] o.a.catalina.core.AprLifecycleListener   : Loaded APR based Apache Tomcat Native library [1.2.16] using APR version [1.6.3].
2019-12-10 17:31:33.547  INFO 62252 --- [restartedMain] o.a.catalina.core.AprLifecycleListener   : APR capabilities: IPv6 [true], sendfile [true], accept filters [false], random [true].
2019-12-10 17:31:33.547  INFO 62252 --- [restartedMain] o.a.catalina.core.AprLifecycleListener   : APR/OpenSSL configuration: useAprConnector [false], useOpenSSL [true]
2019-12-10 17:31:34.677  INFO 62252 --- [restartedMain] o.a.catalina.core.AprLifecycleListener   : OpenSSL successfully initialized [OpenSSL 1.0.2m  2 Nov 2017]
2019-12-10 17:31:34.784  INFO 62252 --- [restartedMain] o.a.c.c.C.[Tomcat].[localhost].[/]       : Initializing Spring embedded WebApplicationContext
2019-12-10 17:31:34.784  INFO 62252 --- [restartedMain] o.s.web.context.ContextLoader            : Root WebApplicationContext: initialization completed in 3242 ms
2019-12-10 17:31:35.956  INFO 62252 --- [restartedMain] o.s.s.concurrent.ThreadPoolTaskExecutor  : Initializing ExecutorService 'applicationTaskExecutor'
2019-12-10 17:31:35.980  INFO 62252 --- [restartedMain] o.s.b.d.a.OptionalLiveReloadServer       : LiveReload server is running on port 35729
2019-12-10 17:31:36.007  INFO 62252 --- [restartedMain] o.s.b.a.w.s.WelcomePageHandlerMapping    : Adding welcome page template: index
2019-12-10 17:31:36.223  INFO 62252 --- [restartedMain] d.s.w.p.DocumentationPluginsBootstrapper : Context refreshed
2019-12-10 17:31:36.240  INFO 62252 --- [restartedMain] d.s.w.p.DocumentationPluginsBootstrapper : Found 1 custom documentation plugin(s)
2019-12-10 17:31:36.248  INFO 62252 --- [restartedMain] s.d.s.w.s.ApiListingReferenceScanner     : Scanning for api listing references
2019-12-10 17:31:36.342  WARN 62252 --- [restartedMain] d.s.r.o.OperationImplicitParameterReader : Coercing to be of type string. This may not even be a scalar type in actuality
2019-12-10 17:31:36.425  INFO 62252 --- [restartedMain] o.s.b.w.embedded.tomcat.TomcatWebServer  : Tomcat started on port(s): 80 (http) with context path ''
2019-12-10 17:31:36.429  INFO 62252 --- [restartedMain] l.m.community.CommunityApplication       : Started CommunityApplication in 5.779 seconds (JVM running for 7.303)
2019-12-10 17:33:29.212  INFO 62252 --- [http-nio-80-exec-1] o.a.c.c.C.[Tomcat].[localhost].[/]       : Initializing Spring DispatcherServlet 'dispatcherServlet'
2019-12-10 17:33:29.213  INFO 62252 --- [http-nio-80-exec-1] o.s.web.servlet.DispatcherServlet        : Initializing Servlet 'dispatcherServlet'
2019-12-10 17:33:29.221  INFO 62252 --- [http-nio-80-exec-1] o.s.web.servlet.DispatcherServlet        : Completed initialization in 8 ms
2019-12-10 17:33:29.299  INFO 62252 --- [http-nio-80-exec-1] com.zaxxer.hikari.HikariDataSource       : HikariPool-1 - Starting...
2019-12-10 17:33:29.438  INFO 62252 --- [http-nio-80-exec-1] com.zaxxer.hikari.HikariDataSource       : HikariPool-1 - Start completed.
2019-12-10 17:33:50.493  INFO 61480 --- [restartedMain] l.m.community.CommunityApplication       : Starting CommunityApplication on 杨胜 with PID 61480 (D:\ServerSpace\community\target\classes started by Lenovo in D:\ServerSpace\community)
2019-12-10 17:33:50.498  INFO 61480 --- [restartedMain] l.m.community.CommunityApplication       : No active profile set, falling back to default profiles: default
2019-12-10 17:33:50.618  INFO 61480 --- [restartedMain] .e.DevToolsPropertyDefaultsPostProcessor : Devtools property defaults active! Set 'spring.devtools.add-properties' to 'false' to disable
2019-12-10 17:33:50.619  INFO 61480 --- [restartedMain] .e.DevToolsPropertyDefaultsPostProcessor : For additional web related logging consider setting the 'logging.level.web' property to 'DEBUG'
2019-12-10 17:33:51.782  INFO 61480 --- [restartedMain] .s.d.r.c.RepositoryConfigurationDelegate : Multiple Spring Data modules found, entering strict repository configuration mode!
2019-12-10 17:33:51.785  INFO 61480 --- [restartedMain] .s.d.r.c.RepositoryConfigurationDelegate : Bootstrapping Spring Data repositories in DEFAULT mode.
2019-12-10 17:33:51.815  INFO 61480 --- [restartedMain] .s.d.r.c.RepositoryConfigurationDelegate : Finished Spring Data repository scanning in 13ms. Found 0 repository interfaces.
2019-12-10 17:33:52.171  INFO 61480 --- [restartedMain] trationDelegate$BeanPostProcessorChecker : Bean 'org.springframework.transaction.annotation.ProxyTransactionManagementConfiguration' of type [org.springframework.transaction.annotation.ProxyTransactionManagementConfiguration] is not eligible for getting processed by all BeanPostProcessors (for example: not eligible for auto-proxying)
2019-12-10 17:33:52.589  INFO 61480 --- [restartedMain] o.s.b.w.embedded.tomcat.TomcatWebServer  : Tomcat initialized with port(s): 80 (http)
2019-12-10 17:33:52.598  INFO 61480 --- [restartedMain] o.apache.catalina.core.StandardService   : Starting service [Tomcat]
2019-12-10 17:33:52.599  INFO 61480 --- [restartedMain] org.apache.catalina.core.StandardEngine  : Starting Servlet engine: [Apache Tomcat/9.0.27]
2019-12-10 17:33:52.601  INFO 61480 --- [restartedMain] o.a.catalina.core.AprLifecycleListener   : An older version [1.2.16] of the APR based Apache Tomcat Native library is installed, while Tomcat recommends a minimum version of [1.2.23]
2019-12-10 17:33:52.602  INFO 61480 --- [restartedMain] o.a.catalina.core.AprLifecycleListener   : Loaded APR based Apache Tomcat Native library [1.2.16] using APR version [1.6.3].
2019-12-10 17:33:52.602  INFO 61480 --- [restartedMain] o.a.catalina.core.AprLifecycleListener   : APR capabilities: IPv6 [true], sendfile [true], accept filters [false], random [true].
2019-12-10 17:33:52.602  INFO 61480 --- [restartedMain] o.a.catalina.core.AprLifecycleListener   : APR/OpenSSL configuration: useAprConnector [false], useOpenSSL [true]
2019-12-10 17:33:53.677  INFO 61480 --- [restartedMain] o.a.catalina.core.AprLifecycleListener   : OpenSSL successfully initialized [OpenSSL 1.0.2m  2 Nov 2017]
2019-12-10 17:33:53.765  INFO 61480 --- [restartedMain] o.a.c.c.C.[Tomcat].[localhost].[/]       : Initializing Spring embedded WebApplicationContext
2019-12-10 17:33:53.765  INFO 61480 --- [restartedMain] o.s.web.context.ContextLoader            : Root WebApplicationContext: initialization completed in 3146 ms
2019-12-10 17:33:54.925  INFO 61480 --- [restartedMain] o.s.s.concurrent.ThreadPoolTaskExecutor  : Initializing ExecutorService 'applicationTaskExecutor'
2019-12-10 17:33:54.953  INFO 61480 --- [restartedMain] o.s.b.d.a.OptionalLiveReloadServer       : LiveReload server is running on port 35729
2019-12-10 17:33:54.981  INFO 61480 --- [restartedMain] o.s.b.a.w.s.WelcomePageHandlerMapping    : Adding welcome page template: index
2019-12-10 17:33:55.202  INFO 61480 --- [restartedMain] d.s.w.p.DocumentationPluginsBootstrapper : Context refreshed
2019-12-10 17:33:55.216  INFO 61480 --- [restartedMain] d.s.w.p.DocumentationPluginsBootstrapper : Found 1 custom documentation plugin(s)
2019-12-10 17:33:55.228  INFO 61480 --- [restartedMain] s.d.s.w.s.ApiListingReferenceScanner     : Scanning for api listing references
2019-12-10 17:33:55.319  WARN 61480 --- [restartedMain] d.s.r.o.OperationImplicitParameterReader : Coercing to be of type string. This may not even be a scalar type in actuality
2019-12-10 17:33:55.398  INFO 61480 --- [restartedMain] o.s.b.w.embedded.tomcat.TomcatWebServer  : Tomcat started on port(s): 80 (http) with context path ''
2019-12-10 17:33:55.401  INFO 61480 --- [restartedMain] l.m.community.CommunityApplication       : Started CommunityApplication in 5.598 seconds (JVM running for 7.099)
2019-12-10 17:33:58.847  INFO 61480 --- [http-nio-80-exec-1] o.a.c.c.C.[Tomcat].[localhost].[/]       : Initializing Spring DispatcherServlet 'dispatcherServlet'
2019-12-10 17:33:58.847  INFO 61480 --- [http-nio-80-exec-1] o.s.web.servlet.DispatcherServlet        : Initializing Servlet 'dispatcherServlet'
2019-12-10 17:33:58.853  INFO 61480 --- [http-nio-80-exec-1] o.s.web.servlet.DispatcherServlet        : Completed initialization in 6 ms
2019-12-10 17:33:58.918  INFO 61480 --- [http-nio-80-exec-1] com.zaxxer.hikari.HikariDataSource       : HikariPool-1 - Starting...
2019-12-10 17:33:59.038  INFO 61480 --- [http-nio-80-exec-1] com.zaxxer.hikari.HikariDataSource       : HikariPool-1 - Start completed.
2019-12-10 17:34:11.607  INFO 56532 --- [restartedMain] l.m.community.CommunityApplication       : Starting CommunityApplication on 杨胜 with PID 56532 (D:\ServerSpace\community\target\classes started by Lenovo in D:\ServerSpace\community)
2019-12-10 17:34:11.613  INFO 56532 --- [restartedMain] l.m.community.CommunityApplication       : No active profile set, falling back to default profiles: default
2019-12-10 17:34:11.729  INFO 56532 --- [restartedMain] .e.DevToolsPropertyDefaultsPostProcessor : Devtools property defaults active! Set 'spring.devtools.add-properties' to 'false' to disable
2019-12-10 17:34:11.729  INFO 56532 --- [restartedMain] .e.DevToolsPropertyDefaultsPostProcessor : For additional web related logging consider setting the 'logging.level.web' property to 'DEBUG'
2019-12-10 17:34:12.981  INFO 56532 --- [restartedMain] .s.d.r.c.RepositoryConfigurationDelegate : Multiple Spring Data modules found, entering strict repository configuration mode!
2019-12-10 17:34:12.983  INFO 56532 --- [restartedMain] .s.d.r.c.RepositoryConfigurationDelegate : Bootstrapping Spring Data repositories in DEFAULT mode.
2019-12-10 17:34:13.023  INFO 56532 --- [restartedMain] .s.d.r.c.RepositoryConfigurationDelegate : Finished Spring Data repository scanning in 24ms. Found 0 repository interfaces.
2019-12-10 17:34:13.312  INFO 56532 --- [restartedMain] trationDelegate$BeanPostProcessorChecker : Bean 'org.springframework.transaction.annotation.ProxyTransactionManagementConfiguration' of type [org.springframework.transaction.annotation.ProxyTransactionManagementConfiguration] is not eligible for getting processed by all BeanPostProcessors (for example: not eligible for auto-proxying)
2019-12-10 17:34:13.620  INFO 56532 --- [restartedMain] o.s.b.w.embedded.tomcat.TomcatWebServer  : Tomcat initialized with port(s): 80 (http)
2019-12-10 17:34:13.629  INFO 56532 --- [restartedMain] o.apache.catalina.core.StandardService   : Starting service [Tomcat]
2019-12-10 17:34:13.630  INFO 56532 --- [restartedMain] org.apache.catalina.core.StandardEngine  : Starting Servlet engine: [Apache Tomcat/9.0.27]
2019-12-10 17:34:13.632  INFO 56532 --- [restartedMain] o.a.catalina.core.AprLifecycleListener   : An older version [1.2.16] of the APR based Apache Tomcat Native library is installed, while Tomcat recommends a minimum version of [1.2.23]
2019-12-10 17:34:13.633  INFO 56532 --- [restartedMain] o.a.catalina.core.AprLifecycleListener   : Loaded APR based Apache Tomcat Native library [1.2.16] using APR version [1.6.3].
2019-12-10 17:34:13.633  INFO 56532 --- [restartedMain] o.a.catalina.core.AprLifecycleListener   : APR capabilities: IPv6 [true], sendfile [true], accept filters [false], random [true].
2019-12-10 17:34:13.633  INFO 56532 --- [restartedMain] o.a.catalina.core.AprLifecycleListener   : APR/OpenSSL configuration: useAprConnector [false], useOpenSSL [true]
2019-12-10 17:34:14.722  INFO 56532 --- [restartedMain] o.a.catalina.core.AprLifecycleListener   : OpenSSL successfully initialized [OpenSSL 1.0.2m  2 Nov 2017]
2019-12-10 17:34:14.810  INFO 56532 --- [restartedMain] o.a.c.c.C.[Tomcat].[localhost].[/]       : Initializing Spring embedded WebApplicationContext
2019-12-10 17:34:14.811  INFO 56532 --- [restartedMain] o.s.web.context.ContextLoader            : Root WebApplicationContext: initialization completed in 3082 ms
2019-12-10 17:34:15.966  INFO 56532 --- [restartedMain] o.s.s.concurrent.ThreadPoolTaskExecutor  : Initializing ExecutorService 'applicationTaskExecutor'
2019-12-10 17:34:15.990  INFO 56532 --- [restartedMain] o.s.b.d.a.OptionalLiveReloadServer       : LiveReload server is running on port 35729
2019-12-10 17:34:16.018  INFO 56532 --- [restartedMain] o.s.b.a.w.s.WelcomePageHandlerMapping    : Adding welcome page template: index
2019-12-10 17:34:16.234  INFO 56532 --- [restartedMain] d.s.w.p.DocumentationPluginsBootstrapper : Context refreshed
2019-12-10 17:34:16.249  INFO 56532 --- [restartedMain] d.s.w.p.DocumentationPluginsBootstrapper : Found 1 custom documentation plugin(s)
2019-12-10 17:34:16.260  INFO 56532 --- [restartedMain] s.d.s.w.s.ApiListingReferenceScanner     : Scanning for api listing references
2019-12-10 17:34:16.348  WARN 56532 --- [restartedMain] d.s.r.o.OperationImplicitParameterReader : Coercing to be of type string. This may not even be a scalar type in actuality
2019-12-10 17:34:16.428  INFO 56532 --- [restartedMain] o.s.b.w.embedded.tomcat.TomcatWebServer  : Tomcat started on port(s): 80 (http) with context path ''
2019-12-10 17:34:16.431  INFO 56532 --- [restartedMain] l.m.community.CommunityApplication       : Started CommunityApplication in 5.754 seconds (JVM running for 7.209)
2019-12-10 17:34:19.783  INFO 56532 --- [http-nio-80-exec-1] o.a.c.c.C.[Tomcat].[localhost].[/]       : Initializing Spring DispatcherServlet 'dispatcherServlet'
2019-12-10 17:34:19.783  INFO 56532 --- [http-nio-80-exec-1] o.s.web.servlet.DispatcherServlet        : Initializing Servlet 'dispatcherServlet'
2019-12-10 17:34:19.790  INFO 56532 --- [http-nio-80-exec-1] o.s.web.servlet.DispatcherServlet        : Completed initialization in 7 ms
2019-12-10 17:34:19.865  INFO 56532 --- [http-nio-80-exec-1] com.zaxxer.hikari.HikariDataSource       : HikariPool-1 - Starting...
2019-12-10 17:34:20.001  INFO 56532 --- [http-nio-80-exec-1] com.zaxxer.hikari.HikariDataSource       : HikariPool-1 - Start completed.
2019-12-10 17:34:42.145  INFO 22944 --- [restartedMain] l.m.community.CommunityApplication       : Starting CommunityApplication on 杨胜 with PID 22944 (D:\ServerSpace\community\target\classes started by Lenovo in D:\ServerSpace\community)
2019-12-10 17:34:42.151  INFO 22944 --- [restartedMain] l.m.community.CommunityApplication       : No active profile set, falling back to default profiles: default
2019-12-10 17:34:42.260  INFO 22944 --- [restartedMain] .e.DevToolsPropertyDefaultsPostProcessor : Devtools property defaults active! Set 'spring.devtools.add-properties' to 'false' to disable
2019-12-10 17:34:42.260  INFO 22944 --- [restartedMain] .e.DevToolsPropertyDefaultsPostProcessor : For additional web related logging consider setting the 'logging.level.web' property to 'DEBUG'
2019-12-10 17:34:43.199  INFO 22944 --- [restartedMain] .s.d.r.c.RepositoryConfigurationDelegate : Multiple Spring Data modules found, entering strict repository configuration mode!
2019-12-10 17:34:43.201  INFO 22944 --- [restartedMain] .s.d.r.c.RepositoryConfigurationDelegate : Bootstrapping Spring Data repositories in DEFAULT mode.
2019-12-10 17:34:43.227  INFO 22944 --- [restartedMain] .s.d.r.c.RepositoryConfigurationDelegate : Finished Spring Data repository scanning in 12ms. Found 0 repository interfaces.
2019-12-10 17:34:43.518  INFO 22944 --- [restartedMain] trationDelegate$BeanPostProcessorChecker : Bean 'org.springframework.transaction.annotation.ProxyTransactionManagementConfiguration' of type [org.springframework.transaction.annotation.ProxyTransactionManagementConfiguration] is not eligible for getting processed by all BeanPostProcessors (for example: not eligible for auto-proxying)
2019-12-10 17:34:43.817  INFO 22944 --- [restartedMain] o.s.b.w.embedded.tomcat.TomcatWebServer  : Tomcat initialized with port(s): 80 (http)
2019-12-10 17:34:43.825  INFO 22944 --- [restartedMain] o.apache.catalina.core.StandardService   : Starting service [Tomcat]
2019-12-10 17:34:43.826  INFO 22944 --- [restartedMain] org.apache.catalina.core.StandardEngine  : Starting Servlet engine: [Apache Tomcat/9.0.27]
2019-12-10 17:34:43.829  INFO 22944 --- [restartedMain] o.a.catalina.core.AprLifecycleListener   : An older version [1.2.16] of the APR based Apache Tomcat Native library is installed, while Tomcat recommends a minimum version of [1.2.23]
2019-12-10 17:34:43.829  INFO 22944 --- [restartedMain] o.a.catalina.core.AprLifecycleListener   : Loaded APR based Apache Tomcat Native library [1.2.16] using APR version [1.6.3].
2019-12-10 17:34:43.830  INFO 22944 --- [restartedMain] o.a.catalina.core.AprLifecycleListener   : APR capabilities: IPv6 [true], sendfile [true], accept filters [false], random [true].
2019-12-10 17:34:43.830  INFO 22944 --- [restartedMain] o.a.catalina.core.AprLifecycleListener   : APR/OpenSSL configuration: useAprConnector [false], useOpenSSL [true]
2019-12-10 17:34:44.908  INFO 22944 --- [restartedMain] o.a.catalina.core.AprLifecycleListener   : OpenSSL successfully initialized [OpenSSL 1.0.2m  2 Nov 2017]
2019-12-10 17:34:44.997  INFO 22944 --- [restartedMain] o.a.c.c.C.[Tomcat].[localhost].[/]       : Initializing Spring embedded WebApplicationContext
2019-12-10 17:34:44.998  INFO 22944 --- [restartedMain] o.s.web.context.ContextLoader            : Root WebApplicationContext: initialization completed in 2737 ms
2019-12-10 17:34:46.020  INFO 22944 --- [restartedMain] o.s.s.concurrent.ThreadPoolTaskExecutor  : Initializing ExecutorService 'applicationTaskExecutor'
2019-12-10 17:34:46.047  INFO 22944 --- [restartedMain] o.s.b.d.a.OptionalLiveReloadServer       : LiveReload server is running on port 35729
2019-12-10 17:34:46.079  INFO 22944 --- [restartedMain] o.s.b.a.w.s.WelcomePageHandlerMapping    : Adding welcome page template: index
2019-12-10 17:34:46.297  INFO 22944 --- [restartedMain] d.s.w.p.DocumentationPluginsBootstrapper : Context refreshed
2019-12-10 17:34:46.313  INFO 22944 --- [restartedMain] d.s.w.p.DocumentationPluginsBootstrapper : Found 1 custom documentation plugin(s)
2019-12-10 17:34:46.322  INFO 22944 --- [restartedMain] s.d.s.w.s.ApiListingReferenceScanner     : Scanning for api listing references
2019-12-10 17:34:46.405  WARN 22944 --- [restartedMain] d.s.r.o.OperationImplicitParameterReader : Coercing to be of type string. This may not even be a scalar type in actuality
2019-12-10 17:34:46.493  INFO 22944 --- [restartedMain] o.s.b.w.embedded.tomcat.TomcatWebServer  : Tomcat started on port(s): 80 (http) with context path ''
2019-12-10 17:34:46.495  INFO 22944 --- [restartedMain] l.m.community.CommunityApplication       : Started CommunityApplication in 5.057 seconds (JVM running for 6.529)
2019-12-10 17:34:51.720  INFO 22944 --- [http-nio-80-exec-1] o.a.c.c.C.[Tomcat].[localhost].[/]       : Initializing Spring DispatcherServlet 'dispatcherServlet'
2019-12-10 17:34:51.720  INFO 22944 --- [http-nio-80-exec-1] o.s.web.servlet.DispatcherServlet        : Initializing Servlet 'dispatcherServlet'
2019-12-10 17:34:51.726  INFO 22944 --- [http-nio-80-exec-1] o.s.web.servlet.DispatcherServlet        : Completed initialization in 6 ms
2019-12-10 17:34:51.792  INFO 22944 --- [http-nio-80-exec-1] com.zaxxer.hikari.HikariDataSource       : HikariPool-1 - Starting...
2019-12-10 17:34:51.909  INFO 22944 --- [http-nio-80-exec-1] com.zaxxer.hikari.HikariDataSource       : HikariPool-1 - Start completed.
2019-12-10 17:35:19.805  INFO 50108 --- [restartedMain] l.m.community.CommunityApplication       : Starting CommunityApplication on 杨胜 with PID 50108 (D:\ServerSpace\community\target\classes started by Lenovo in D:\ServerSpace\community)
2019-12-10 17:35:19.811  INFO 50108 --- [restartedMain] l.m.community.CommunityApplication       : No active profile set, falling back to default profiles: default
2019-12-10 17:35:19.940  INFO 50108 --- [restartedMain] .e.DevToolsPropertyDefaultsPostProcessor : Devtools property defaults active! Set 'spring.devtools.add-properties' to 'false' to disable
2019-12-10 17:35:19.940  INFO 50108 --- [restartedMain] .e.DevToolsPropertyDefaultsPostProcessor : For additional web related logging consider setting the 'logging.level.web' property to 'DEBUG'
2019-12-10 17:35:20.940  INFO 50108 --- [restartedMain] .s.d.r.c.RepositoryConfigurationDelegate : Multiple Spring Data modules found, entering strict repository configuration mode!
2019-12-10 17:35:20.943  INFO 50108 --- [restartedMain] .s.d.r.c.RepositoryConfigurationDelegate : Bootstrapping Spring Data repositories in DEFAULT mode.
2019-12-10 17:35:20.972  INFO 50108 --- [restartedMain] .s.d.r.c.RepositoryConfigurationDelegate : Finished Spring Data repository scanning in 11ms. Found 0 repository interfaces.
2019-12-10 17:35:21.279  INFO 50108 --- [restartedMain] trationDelegate$BeanPostProcessorChecker : Bean 'org.springframework.transaction.annotation.ProxyTransactionManagementConfiguration' of type [org.springframework.transaction.annotation.ProxyTransactionManagementConfiguration] is not eligible for getting processed by all BeanPostProcessors (for example: not eligible for auto-proxying)
2019-12-10 17:35:21.605  INFO 50108 --- [restartedMain] o.s.b.w.embedded.tomcat.TomcatWebServer  : Tomcat initialized with port(s): 80 (http)
2019-12-10 17:35:21.616  INFO 50108 --- [restartedMain] o.apache.catalina.core.StandardService   : Starting service [Tomcat]
2019-12-10 17:35:21.617  INFO 50108 --- [restartedMain] org.apache.catalina.core.StandardEngine  : Starting Servlet engine: [Apache Tomcat/9.0.27]
2019-12-10 17:35:21.619  INFO 50108 --- [restartedMain] o.a.catalina.core.AprLifecycleListener   : An older version [1.2.16] of the APR based Apache Tomcat Native library is installed, while Tomcat recommends a minimum version of [1.2.23]
2019-12-10 17:35:21.619  INFO 50108 --- [restartedMain] o.a.catalina.core.AprLifecycleListener   : Loaded APR based Apache Tomcat Native library [1.2.16] using APR version [1.6.3].
2019-12-10 17:35:21.619  INFO 50108 --- [restartedMain] o.a.catalina.core.AprLifecycleListener   : APR capabilities: IPv6 [true], sendfile [true], accept filters [false], random [true].
2019-12-10 17:35:21.619  INFO 50108 --- [restartedMain] o.a.catalina.core.AprLifecycleListener   : APR/OpenSSL configuration: useAprConnector [false], useOpenSSL [true]
2019-12-10 17:35:22.697  INFO 50108 --- [restartedMain] o.a.catalina.core.AprLifecycleListener   : OpenSSL successfully initialized [OpenSSL 1.0.2m  2 Nov 2017]
2019-12-10 17:35:22.791  INFO 50108 --- [restartedMain] o.a.c.c.C.[Tomcat].[localhost].[/]       : Initializing Spring embedded WebApplicationContext
2019-12-10 17:35:22.791  INFO 50108 --- [restartedMain] o.s.web.context.ContextLoader            : Root WebApplicationContext: initialization completed in 2850 ms
2019-12-10 17:35:23.935  INFO 50108 --- [restartedMain] o.s.s.concurrent.ThreadPoolTaskExecutor  : Initializing ExecutorService 'applicationTaskExecutor'
2019-12-10 17:35:23.962  INFO 50108 --- [restartedMain] o.s.b.d.a.OptionalLiveReloadServer       : LiveReload server is running on port 35729
2019-12-10 17:35:23.990  INFO 50108 --- [restartedMain] o.s.b.a.w.s.WelcomePageHandlerMapping    : Adding welcome page template: index
2019-12-10 17:35:24.210  INFO 50108 --- [restartedMain] d.s.w.p.DocumentationPluginsBootstrapper : Context refreshed
2019-12-10 17:35:24.224  INFO 50108 --- [restartedMain] d.s.w.p.DocumentationPluginsBootstrapper : Found 1 custom documentation plugin(s)
2019-12-10 17:35:24.232  INFO 50108 --- [restartedMain] s.d.s.w.s.ApiListingReferenceScanner     : Scanning for api listing references
2019-12-10 17:35:24.317  WARN 50108 --- [restartedMain] d.s.r.o.OperationImplicitParameterReader : Coercing to be of type string. This may not even be a scalar type in actuality
2019-12-10 17:35:24.392  INFO 50108 --- [restartedMain] o.s.b.w.embedded.tomcat.TomcatWebServer  : Tomcat started on port(s): 80 (http) with context path ''
2019-12-10 17:35:24.396  INFO 50108 --- [restartedMain] l.m.community.CommunityApplication       : Started CommunityApplication in 5.286 seconds (JVM running for 6.95)
2019-12-10 17:39:37.188  INFO 53012 --- [restartedMain] l.m.community.CommunityApplication       : Starting CommunityApplication on 杨胜 with PID 53012 (D:\ServerSpace\community\target\classes started by Lenovo in D:\ServerSpace\community)
2019-12-10 17:39:37.195  INFO 53012 --- [restartedMain] l.m.community.CommunityApplication       : No active profile set, falling back to default profiles: default
2019-12-10 17:39:37.342  INFO 53012 --- [restartedMain] .e.DevToolsPropertyDefaultsPostProcessor : Devtools property defaults active! Set 'spring.devtools.add-properties' to 'false' to disable
2019-12-10 17:39:37.342  INFO 53012 --- [restartedMain] .e.DevToolsPropertyDefaultsPostProcessor : For additional web related logging consider setting the 'logging.level.web' property to 'DEBUG'
2019-12-10 17:39:38.568  INFO 53012 --- [restartedMain] .s.d.r.c.RepositoryConfigurationDelegate : Multiple Spring Data modules found, entering strict repository configuration mode!
2019-12-10 17:39:38.570  INFO 53012 --- [restartedMain] .s.d.r.c.RepositoryConfigurationDelegate : Bootstrapping Spring Data repositories in DEFAULT mode.
2019-12-10 17:39:38.595  INFO 53012 --- [restartedMain] .s.d.r.c.RepositoryConfigurationDelegate : Finished Spring Data repository scanning in 10ms. Found 0 repository interfaces.
2019-12-10 17:39:38.961  INFO 53012 --- [restartedMain] trationDelegate$BeanPostProcessorChecker : Bean 'org.springframework.transaction.annotation.ProxyTransactionManagementConfiguration' of type [org.springframework.transaction.annotation.ProxyTransactionManagementConfiguration] is not eligible for getting processed by all BeanPostProcessors (for example: not eligible for auto-proxying)
2019-12-10 17:39:39.312  INFO 53012 --- [restartedMain] o.s.b.w.embedded.tomcat.TomcatWebServer  : Tomcat initialized with port(s): 80 (http)
2019-12-10 17:39:39.324  INFO 53012 --- [restartedMain] o.apache.catalina.core.StandardService   : Starting service [Tomcat]
2019-12-10 17:39:39.324  INFO 53012 --- [restartedMain] org.apache.catalina.core.StandardEngine  : Starting Servlet engine: [Apache Tomcat/9.0.27]
2019-12-10 17:39:39.326  INFO 53012 --- [restartedMain] o.a.catalina.core.AprLifecycleListener   : An older version [1.2.16] of the APR based Apache Tomcat Native library is installed, while Tomcat recommends a minimum version of [1.2.23]
2019-12-10 17:39:39.328  INFO 53012 --- [restartedMain] o.a.catalina.core.AprLifecycleListener   : Loaded APR based Apache Tomcat Native library [1.2.16] using APR version [1.6.3].
2019-12-10 17:39:39.328  INFO 53012 --- [restartedMain] o.a.catalina.core.AprLifecycleListener   : APR capabilities: IPv6 [true], sendfile [true], accept filters [false], random [true].
2019-12-10 17:39:39.328  INFO 53012 --- [restartedMain] o.a.catalina.core.AprLifecycleListener   : APR/OpenSSL configuration: useAprConnector [false], useOpenSSL [true]
2019-12-10 17:39:40.411  INFO 53012 --- [restartedMain] o.a.catalina.core.AprLifecycleListener   : OpenSSL successfully initialized [OpenSSL 1.0.2m  2 Nov 2017]
2019-12-10 17:39:40.496  INFO 53012 --- [restartedMain] o.a.c.c.C.[Tomcat].[localhost].[/]       : Initializing Spring embedded WebApplicationContext
2019-12-10 17:39:40.496  INFO 53012 --- [restartedMain] o.s.web.context.ContextLoader            : Root WebApplicationContext: initialization completed in 3154 ms
2019-12-10 17:39:41.585  INFO 53012 --- [restartedMain] o.s.s.concurrent.ThreadPoolTaskExecutor  : Initializing ExecutorService 'applicationTaskExecutor'
2019-12-10 17:39:41.613  INFO 53012 --- [restartedMain] o.s.b.d.a.OptionalLiveReloadServer       : LiveReload server is running on port 35729
2019-12-10 17:39:41.640  INFO 53012 --- [restartedMain] o.s.b.a.w.s.WelcomePageHandlerMapping    : Adding welcome page template: index
2019-12-10 17:39:41.881  INFO 53012 --- [restartedMain] d.s.w.p.DocumentationPluginsBootstrapper : Context refreshed
2019-12-10 17:39:41.894  INFO 53012 --- [restartedMain] d.s.w.p.DocumentationPluginsBootstrapper : Found 1 custom documentation plugin(s)
2019-12-10 17:39:41.902  INFO 53012 --- [restartedMain] s.d.s.w.s.ApiListingReferenceScanner     : Scanning for api listing references
2019-12-10 17:39:42.006  WARN 53012 --- [restartedMain] d.s.r.o.OperationImplicitParameterReader : Coercing to be of type string. This may not even be a scalar type in actuality
2019-12-10 17:39:42.114  INFO 53012 --- [restartedMain] o.s.b.w.embedded.tomcat.TomcatWebServer  : Tomcat started on port(s): 80 (http) with context path ''
2019-12-10 17:39:42.117  INFO 53012 --- [restartedMain] l.m.community.CommunityApplication       : Started CommunityApplication in 5.644 seconds (JVM running for 7.24)
